2018-08-23 15:02:22 [ERROR] io.netty.util.concurrent.DefaultPromise.rejectedExecution (DefaultPromise.java:766) - Failed to submit a listener notification task. Event loop shut down?
java.util.concurrent.RejectedExecutionException: event executor terminated
	at io.netty.util.concurrent.SingleThreadEventExecutor.reject(SingleThreadEventExecutor.java:842)
	at io.netty.util.concurrent.SingleThreadEventExecutor.offerTask(SingleThreadEventExecutor.java:328)
	at io.netty.util.concurrent.SingleThreadEventExecutor.addTask(SingleThreadEventExecutor.java:321)
	at io.netty.util.concurrent.SingleThreadEventExecutor.execute(SingleThreadEventExecutor.java:765)
	at io.netty.util.concurrent.DefaultPromise.safeExecute(DefaultPromise.java:764)
	at io.netty.util.concurrent.DefaultPromise.notifyListeners(DefaultPromise.java:432)
	at io.netty.util.concurrent.DefaultPromise.setFailure(DefaultPromise.java:112)
	at io.netty.channel.DefaultChannelPromise.setFailure(DefaultChannelPromise.java:89)
	at io.netty.channel.AbstractChannelHandlerContext.safeExecute(AbstractChannelHandlerContext.java:1010)
	at io.netty.channel.AbstractChannelHandlerContext.close(AbstractChannelHandlerContext.java:610)
	at io.netty.channel.AbstractChannelHandlerContext.close(AbstractChannelHandlerContext.java:465)
	at io.netty.channel.DefaultChannelPipeline.close(DefaultChannelPipeline.java:1003)
	at io.netty.channel.AbstractChannel.close(AbstractChannel.java:238)
	at game.core.nettyCore.bootstrap.websocket.WebSocketCommonServer.close(WebSocketCommonServer.java:80)
	at game.core.nettyCore.bootstrap.websocket.WebSocketServerBootstrap.close(WebSocketServerBootstrap.java:28)
	at game.core.nettyCore.bootstrap.websocket.WebSocketServerBootstrap.run(WebSocketServerBootstrap.java:23)
	at java.lang.Thread.run(Thread.java:748)
2018-08-23 15:03:32 [ERROR] io.netty.util.concurrent.DefaultPromise.rejectedExecution (DefaultPromise.java:766) - Failed to submit a listener notification task. Event loop shut down?
java.util.concurrent.RejectedExecutionException: event executor terminated
	at io.netty.util.concurrent.SingleThreadEventExecutor.reject(SingleThreadEventExecutor.java:842)
	at io.netty.util.concurrent.SingleThreadEventExecutor.offerTask(SingleThreadEventExecutor.java:328)
	at io.netty.util.concurrent.SingleThreadEventExecutor.addTask(SingleThreadEventExecutor.java:321)
	at io.netty.util.concurrent.SingleThreadEventExecutor.execute(SingleThreadEventExecutor.java:765)
	at io.netty.util.concurrent.DefaultPromise.safeExecute(DefaultPromise.java:764)
	at io.netty.util.concurrent.DefaultPromise.notifyListeners(DefaultPromise.java:432)
	at io.netty.util.concurrent.DefaultPromise.setFailure(DefaultPromise.java:112)
	at io.netty.channel.DefaultChannelPromise.setFailure(DefaultChannelPromise.java:89)
	at io.netty.channel.AbstractChannelHandlerContext.safeExecute(AbstractChannelHandlerContext.java:1010)
	at io.netty.channel.AbstractChannelHandlerContext.close(AbstractChannelHandlerContext.java:610)
	at io.netty.channel.AbstractChannelHandlerContext.close(AbstractChannelHandlerContext.java:465)
	at io.netty.channel.DefaultChannelPipeline.close(DefaultChannelPipeline.java:1003)
	at io.netty.channel.AbstractChannel.close(AbstractChannel.java:238)
	at game.core.nettyCore.bootstrap.websocket.WebSocketCommonServer.close(WebSocketCommonServer.java:80)
	at game.core.nettyCore.bootstrap.websocket.WebSocketServerBootstrap.close(WebSocketServerBootstrap.java:28)
	at game.core.nettyCore.bootstrap.websocket.WebSocketServerBootstrap.run(WebSocketServerBootstrap.java:23)
	at java.lang.Thread.run(Thread.java:748)
2018-08-23 15:04:56 [ERROR] io.netty.util.concurrent.DefaultPromise.rejectedExecution (DefaultPromise.java:766) - Failed to submit a listener notification task. Event loop shut down?
java.util.concurrent.RejectedExecutionException: event executor terminated
	at io.netty.util.concurrent.SingleThreadEventExecutor.reject(SingleThreadEventExecutor.java:842)
	at io.netty.util.concurrent.SingleThreadEventExecutor.offerTask(SingleThreadEventExecutor.java:328)
	at io.netty.util.concurrent.SingleThreadEventExecutor.addTask(SingleThreadEventExecutor.java:321)
	at io.netty.util.concurrent.SingleThreadEventExecutor.execute(SingleThreadEventExecutor.java:765)
	at io.netty.util.concurrent.DefaultPromise.safeExecute(DefaultPromise.java:764)
	at io.netty.util.concurrent.DefaultPromise.notifyListeners(DefaultPromise.java:432)
	at io.netty.util.concurrent.DefaultPromise.setFailure(DefaultPromise.java:112)
	at io.netty.channel.DefaultChannelPromise.setFailure(DefaultChannelPromise.java:89)
	at io.netty.channel.AbstractChannelHandlerContext.safeExecute(AbstractChannelHandlerContext.java:1010)
	at io.netty.channel.AbstractChannelHandlerContext.close(AbstractChannelHandlerContext.java:610)
	at io.netty.channel.AbstractChannelHandlerContext.close(AbstractChannelHandlerContext.java:465)
	at io.netty.channel.DefaultChannelPipeline.close(DefaultChannelPipeline.java:1003)
	at io.netty.channel.AbstractChannel.close(AbstractChannel.java:238)
	at game.core.nettyCore.bootstrap.websocket.WebSocketCommonServer.close(WebSocketCommonServer.java:80)
	at game.core.nettyCore.bootstrap.websocket.WebSocketServerBootstrap.close(WebSocketServerBootstrap.java:28)
	at game.core.nettyCore.bootstrap.websocket.WebSocketServerBootstrap.run(WebSocketServerBootstrap.java:23)
	at java.lang.Thread.run(Thread.java:748)
2018-08-23 15:06:00 [ERROR] io.netty.util.concurrent.DefaultPromise.rejectedExecution (DefaultPromise.java:766) - Failed to submit a listener notification task. Event loop shut down?
java.util.concurrent.RejectedExecutionException: event executor terminated
	at io.netty.util.concurrent.SingleThreadEventExecutor.reject(SingleThreadEventExecutor.java:842)
	at io.netty.util.concurrent.SingleThreadEventExecutor.offerTask(SingleThreadEventExecutor.java:328)
	at io.netty.util.concurrent.SingleThreadEventExecutor.addTask(SingleThreadEventExecutor.java:321)
	at io.netty.util.concurrent.SingleThreadEventExecutor.execute(SingleThreadEventExecutor.java:765)
	at io.netty.util.concurrent.DefaultPromise.safeExecute(DefaultPromise.java:764)
	at io.netty.util.concurrent.DefaultPromise.notifyListeners(DefaultPromise.java:432)
	at io.netty.util.concurrent.DefaultPromise.setFailure(DefaultPromise.java:112)
	at io.netty.channel.DefaultChannelPromise.setFailure(DefaultChannelPromise.java:89)
	at io.netty.channel.AbstractChannelHandlerContext.safeExecute(AbstractChannelHandlerContext.java:1010)
	at io.netty.channel.AbstractChannelHandlerContext.close(AbstractChannelHandlerContext.java:610)
	at io.netty.channel.AbstractChannelHandlerContext.close(AbstractChannelHandlerContext.java:465)
	at io.netty.channel.DefaultChannelPipeline.close(DefaultChannelPipeline.java:1003)
	at io.netty.channel.AbstractChannel.close(AbstractChannel.java:238)
	at game.core.nettyCore.bootstrap.websocket.WebSocketCommonServer.close(WebSocketCommonServer.java:80)
	at game.core.nettyCore.bootstrap.websocket.WebSocketServerBootstrap.close(WebSocketServerBootstrap.java:28)
	at game.core.nettyCore.bootstrap.websocket.WebSocketServerBootstrap.run(WebSocketServerBootstrap.java:23)
	at java.lang.Thread.run(Thread.java:748)
2018-08-23 15:09:07 [ERROR] io.netty.util.concurrent.DefaultPromise.rejectedExecution (DefaultPromise.java:766) - Failed to submit a listener notification task. Event loop shut down?
java.util.concurrent.RejectedExecutionException: event executor terminated
	at io.netty.util.concurrent.SingleThreadEventExecutor.reject(SingleThreadEventExecutor.java:842)
	at io.netty.util.concurrent.SingleThreadEventExecutor.offerTask(SingleThreadEventExecutor.java:328)
	at io.netty.util.concurrent.SingleThreadEventExecutor.addTask(SingleThreadEventExecutor.java:321)
	at io.netty.util.concurrent.SingleThreadEventExecutor.execute(SingleThreadEventExecutor.java:765)
	at io.netty.util.concurrent.DefaultPromise.safeExecute(DefaultPromise.java:764)
	at io.netty.util.concurrent.DefaultPromise.notifyListeners(DefaultPromise.java:432)
	at io.netty.util.concurrent.DefaultPromise.setFailure(DefaultPromise.java:112)
	at io.netty.channel.DefaultChannelPromise.setFailure(DefaultChannelPromise.java:89)
	at io.netty.channel.AbstractChannelHandlerContext.safeExecute(AbstractChannelHandlerContext.java:1010)
	at io.netty.channel.AbstractChannelHandlerContext.close(AbstractChannelHandlerContext.java:610)
	at io.netty.channel.AbstractChannelHandlerContext.close(AbstractChannelHandlerContext.java:465)
	at io.netty.channel.DefaultChannelPipeline.close(DefaultChannelPipeline.java:1003)
	at io.netty.channel.AbstractChannel.close(AbstractChannel.java:238)
	at game.core.nettyCore.bootstrap.websocket.WebSocketCommonServer.close(WebSocketCommonServer.java:80)
	at game.core.nettyCore.bootstrap.websocket.WebSocketServerBootstrap.close(WebSocketServerBootstrap.java:28)
	at game.core.nettyCore.bootstrap.websocket.WebSocketServerBootstrap.run(WebSocketServerBootstrap.java:23)
	at java.lang.Thread.run(Thread.java:748)
2018-08-23 15:10:09 [ERROR] io.netty.util.concurrent.DefaultPromise.rejectedExecution (DefaultPromise.java:766) - Failed to submit a listener notification task. Event loop shut down?
java.util.concurrent.RejectedExecutionException: event executor terminated
	at io.netty.util.concurrent.SingleThreadEventExecutor.reject(SingleThreadEventExecutor.java:842)
	at io.netty.util.concurrent.SingleThreadEventExecutor.offerTask(SingleThreadEventExecutor.java:328)
	at io.netty.util.concurrent.SingleThreadEventExecutor.addTask(SingleThreadEventExecutor.java:321)
	at io.netty.util.concurrent.SingleThreadEventExecutor.execute(SingleThreadEventExecutor.java:765)
	at io.netty.util.concurrent.DefaultPromise.safeExecute(DefaultPromise.java:764)
	at io.netty.util.concurrent.DefaultPromise.notifyListeners(DefaultPromise.java:432)
	at io.netty.util.concurrent.DefaultPromise.setFailure(DefaultPromise.java:112)
	at io.netty.channel.DefaultChannelPromise.setFailure(DefaultChannelPromise.java:89)
	at io.netty.channel.AbstractChannelHandlerContext.safeExecute(AbstractChannelHandlerContext.java:1010)
	at io.netty.channel.AbstractChannelHandlerContext.close(AbstractChannelHandlerContext.java:610)
	at io.netty.channel.AbstractChannelHandlerContext.close(AbstractChannelHandlerContext.java:465)
	at io.netty.channel.DefaultChannelPipeline.close(DefaultChannelPipeline.java:1003)
	at io.netty.channel.AbstractChannel.close(AbstractChannel.java:238)
	at game.core.nettyCore.bootstrap.websocket.WebSocketCommonServer.close(WebSocketCommonServer.java:80)
	at game.core.nettyCore.bootstrap.websocket.WebSocketServerBootstrap.close(WebSocketServerBootstrap.java:28)
	at game.core.nettyCore.bootstrap.websocket.WebSocketServerBootstrap.run(WebSocketServerBootstrap.java:23)
	at java.lang.Thread.run(Thread.java:748)
2018-08-23 16:26:40 [ERROR] io.netty.util.concurrent.DefaultPromise.rejectedExecution (DefaultPromise.java:766) - Failed to submit a listener notification task. Event loop shut down?
java.util.concurrent.RejectedExecutionException: event executor terminated
	at io.netty.util.concurrent.SingleThreadEventExecutor.reject(SingleThreadEventExecutor.java:842)
	at io.netty.util.concurrent.SingleThreadEventExecutor.offerTask(SingleThreadEventExecutor.java:328)
	at io.netty.util.concurrent.SingleThreadEventExecutor.addTask(SingleThreadEventExecutor.java:321)
	at io.netty.util.concurrent.SingleThreadEventExecutor.execute(SingleThreadEventExecutor.java:765)
	at io.netty.util.concurrent.DefaultPromise.safeExecute(DefaultPromise.java:764)
	at io.netty.util.concurrent.DefaultPromise.notifyListeners(DefaultPromise.java:432)
	at io.netty.util.concurrent.DefaultPromise.setFailure(DefaultPromise.java:112)
	at io.netty.channel.DefaultChannelPromise.setFailure(DefaultChannelPromise.java:89)
	at io.netty.channel.AbstractChannelHandlerContext.safeExecute(AbstractChannelHandlerContext.java:1010)
	at io.netty.channel.AbstractChannelHandlerContext.close(AbstractChannelHandlerContext.java:610)
	at io.netty.channel.AbstractChannelHandlerContext.close(AbstractChannelHandlerContext.java:465)
	at io.netty.channel.DefaultChannelPipeline.close(DefaultChannelPipeline.java:1003)
	at io.netty.channel.AbstractChannel.close(AbstractChannel.java:238)
	at game.core.nettyCore.bootstrap.websocket.WebSocketCommonServer.close(WebSocketCommonServer.java:80)
	at game.core.nettyCore.bootstrap.websocket.WebSocketServerBootstrap.close(WebSocketServerBootstrap.java:28)
	at game.core.nettyCore.bootstrap.websocket.WebSocketServerBootstrap.run(WebSocketServerBootstrap.java:23)
	at java.lang.Thread.run(Thread.java:748)
